This file contains any messages produced by compilers while
running configure, to aid debugging if configure makes a mistake.

It was created by configure, which was
generated by GNU Autoconf 2.59.  Invocation command line was

  $ ./configure 

## --------- ##
## Platform. ##
## --------- ##

hostname = hellboys-MacBookAir
uname -m = i686
uname -r = 2.6.35-24-generic
uname -s = Linux
uname -v = #42-Ubuntu SMP Thu Dec 2 01:41:57 UTC 2010

/usr/bin/uname -p = unknown
/bin/uname -X     = unknown

/bin/arch              = unknown
/usr/bin/arch -k       = unknown
/usr/convex/getsysinfo = unknown
hostinfo               = unknown
/bin/machine           = unknown
/usr/bin/oslevel       = unknown
/bin/universe          = unknown

PATH: /usr/local/sbin
PATH: /usr/local/bin
PATH: /usr/sbin
PATH: /usr/bin
PATH: /sbin
PATH: /bin
PATH: /usr/games
PATH: /home/hellboy/bin
PATH: /usr/local/cuda/bin


## ----------- ##
## Core tests. ##
## ----------- ##

configure:1544: checking for a BSD-compatible install
configure:1599: result: /usr/bin/install -c
configure:1610: checking whether build environment is sane
configure:1653: result: yes
configure:1710: checking for gawk
configure:1739: result: no
configure:1710: checking for mawk
configure:1726: found /usr/bin/mawk
configure:1736: result: mawk
configure:1746: checking whether make sets $(MAKE)
configure:1766: result: yes
configure:1947: checking for pkg-config
configure:1965: found /usr/bin/pkg-config
configure:1978: result: /usr/bin/pkg-config
configure:2112: checking for gcc
configure:2128: found /usr/bin/gcc
configure:2138: result: gcc
configure:2382: checking for C compiler version
configure:2385: gcc --version </dev/null >&5
gcc (Ubuntu/Linaro 4.4.4-14ubuntu5) 4.4.5
Copyright (C) 2010 Free Software Foundation, Inc.
This is free software; see the source for copying conditions.  There is NO
warranty; not even for MERCHANTABILITY or FITNESS FOR A PARTICULAR PURPOSE.

configure:2388: $? = 0
configure:2390: gcc -v </dev/null >&5
Using built-in specs.
Target: i686-linux-gnu
Configured with: ../src/configure -v --with-pkgversion='Ubuntu/Linaro 4.4.4-14ubuntu5' --with-bugurl=file:///usr/share/doc/gcc-4.4/README.Bugs --enable-languages=c,c++,fortran,objc,obj-c++ --prefix=/usr --program-suffix=-4.4 --enable-shared --enable-multiarch --enable-linker-build-id --with-system-zlib --libexecdir=/usr/lib --without-included-gettext --enable-threads=posix --with-gxx-include-dir=/usr/include/c++/4.4 --libdir=/usr/lib --enable-nls --with-sysroot=/ --enable-clocale=gnu --enable-libstdcxx-debug --enable-objc-gc --enable-targets=all --disable-werror --with-arch-32=i686 --with-tune=generic --enable-checking=release --build=i686-linux-gnu --host=i686-linux-gnu --target=i686-linux-gnu
Thread model: posix
gcc version 4.4.5 (Ubuntu/Linaro 4.4.4-14ubuntu5) 
configure:2393: $? = 0
configure:2395: gcc -V </dev/null >&5
gcc: '-V' option must have argument
configure:2398: $? = 1
configure:2421: checking for C compiler default output file name
configure:2424: gcc  -DUSE_XFT -I/usr/include/freetype2   -DUSE_XPM   conftest.c  >&5
configure:2427: $? = 0
configure:2473: result: a.out
configure:2478: checking whether the C compiler works
configure:2484: ./a.out
configure:2487: $? = 0
configure:2504: result: yes
configure:2511: checking whether we are cross compiling
configure:2513: result: no
configure:2516: checking for suffix of executables
configure:2518: gcc -o conftest  -DUSE_XFT -I/usr/include/freetype2   -DUSE_XPM   conftest.c  >&5
configure:2521: $? = 0
configure:2546: result: 
configure:2552: checking for suffix of object files
configure:2573: gcc -c  -DUSE_XFT -I/usr/include/freetype2   -DUSE_XPM  conftest.c >&5
configure:2576: $? = 0
configure:2598: result: o
configure:2602: checking whether we are using the GNU C compiler
configure:2626: gcc -c  -DUSE_XFT -I/usr/include/freetype2   -DUSE_XPM  conftest.c >&5
configure:2632: $? = 0
configure:2635: test -z 			 || test ! -s conftest.err
configure:2638: $? = 0
configure:2641: test -s conftest.o
configure:2644: $? = 0
configure:2657: result: yes
configure:2663: checking whether gcc accepts -g
configure:2684: gcc -c -g  conftest.c >&5
configure:2690: $? = 0
configure:2693: test -z 			 || test ! -s conftest.err
configure:2696: $? = 0
configure:2699: test -s conftest.o
configure:2702: $? = 0
configure:2713: result: yes
configure:2730: checking for gcc option to accept ANSI C
configure:2800: gcc  -c  -DUSE_XFT -I/usr/include/freetype2   -DUSE_XPM  conftest.c >&5
configure:2806: $? = 0
configure:2809: test -z 			 || test ! -s conftest.err
configure:2812: $? = 0
configure:2815: test -s conftest.o
configure:2818: $? = 0
configure:2836: result: none needed
configure:2854: gcc -c  -DUSE_XFT -I/usr/include/freetype2   -DUSE_XPM  conftest.c >&5
conftest.c:2: error: expected '=', ',', ';', 'asm' or '__attribute__' before 'me'
configure:2860: $? = 1
configure: failed program was:
| #ifndef __cplusplus
|   choke me
| #endif
configure:3001: checking for style of include used by make
configure:3029: result: GNU
configure:3057: checking dependency style of gcc
configure:3147: result: gcc3
configure:3177: checking for a BSD-compatible install
configure:3232: result: /usr/bin/install -c
configure:3321: checking build system type
configure:3339: result: i686-pc-linux-gnu
configure:3347: checking host system type
configure:3361: result: i686-pc-linux-gnu
configure:3369: checking for a sed that does not truncate output
configure:3423: result: /bin/sed
configure:3426: checking for egrep
configure:3436: result: grep -E
configure:3452: checking for ld used by gcc
configure:3519: result: /usr/bin/ld
configure:3528: checking if the linker (/usr/bin/ld) is GNU ld
configure:3543: result: yes
configure:3548: checking for /usr/bin/ld option to reload object files
configure:3555: result: -r
configure:3564: checking for BSD-compatible nm
configure:3606: result: /usr/bin/nm -B
configure:3610: checking whether ln -s works
configure:3614: result: yes
configure:3621: checking how to recognise dependent libraries
configure:3795: result: pass_all
configure:4008: checking how to run the C preprocessor
configure:4043: gcc -E  conftest.c
configure:4049: $? = 0
configure:4081: gcc -E  conftest.c
conftest.c:11: fatal error: ac_nonexistent.h: No such file or directory
compilation terminated.
configure:4087: $? = 1
configure: failed program was:
| /* confdefs.h.  */
| 
| #define PACKAGE_NAME ""
| #define PACKAGE_TARNAME ""
| #define PACKAGE_VERSION ""
| #define PACKAGE_STRING ""
| #define PACKAGE_BUGREPORT ""
| #define PACKAGE "xkbd"
| #define VERSION "0.8.15"
| /* end confdefs.h.  */
| #include <ac_nonexistent.h>
configure:4126: result: gcc -E
configure:4150: gcc -E  conftest.c
configure:4156: $? = 0
configure:4188: gcc -E  conftest.c
conftest.c:11: fatal error: ac_nonexistent.h: No such file or directory
compilation terminated.
configure:4194: $? = 1
configure: failed program was:
| /* confdefs.h.  */
| 
| #define PACKAGE_NAME ""
| #define PACKAGE_TARNAME ""
| #define PACKAGE_VERSION ""
| #define PACKAGE_STRING ""
| #define PACKAGE_BUGREPORT ""
| #define PACKAGE "xkbd"
| #define VERSION "0.8.15"
| /* end confdefs.h.  */
| #include <ac_nonexistent.h>
configure:4238: checking for ANSI C header files
configure:4263: gcc -c  -DUSE_XFT -I/usr/include/freetype2   -DUSE_XPM  conftest.c >&5
configure:4269: $? = 0
configure:4272: test -z 			 || test ! -s conftest.err
configure:4275: $? = 0
configure:4278: test -s conftest.o
configure:4281: $? = 0
configure:4370: gcc -o conftest  -DUSE_XFT -I/usr/include/freetype2   -DUSE_XPM   conftest.c  >&5
conftest.c: In function 'main':
conftest.c:28: warning: incompatible implicit declaration of built-in function 'exit'
configure:4373: $? = 0
configure:4375: ./conftest
configure:4378: $? = 0
configure:4393: result: yes
configure:4417: checking for sys/types.h
configure:4433: gcc -c  -DUSE_XFT -I/usr/include/freetype2   -DUSE_XPM  conftest.c >&5
configure:4439: $? = 0
configure:4442: test -z 			 || test ! -s conftest.err
configure:4445: $? = 0
configure:4448: test -s conftest.o
configure:4451: $? = 0
configure:4462: result: yes
configure:4417: checking for sys/stat.h
configure:4433: gcc -c  -DUSE_XFT -I/usr/include/freetype2   -DUSE_XPM  conftest.c >&5
configure:4439: $? = 0
configure:4442: test -z 			 || test ! -s conftest.err
configure:4445: $? = 0
configure:4448: test -s conftest.o
configure:4451: $? = 0
configure:4462: result: yes
configure:4417: checking for stdlib.h
configure:4433: gcc -c  -DUSE_XFT -I/usr/include/freetype2   -DUSE_XPM  conftest.c >&5
configure:4439: $? = 0
configure:4442: test -z 			 || test ! -s conftest.err
configure:4445: $? = 0
configure:4448: test -s conftest.o
configure:4451: $? = 0
configure:4462: result: yes
configure:4417: checking for string.h
configure:4433: gcc -c  -DUSE_XFT -I/usr/include/freetype2   -DUSE_XPM  conftest.c >&5
configure:4439: $? = 0
configure:4442: test -z 			 || test ! -s conftest.err
configure:4445: $? = 0
configure:4448: test -s conftest.o
configure:4451: $? = 0
configure:4462: result: yes
configure:4417: checking for memory.h
configure:4433: gcc -c  -DUSE_XFT -I/usr/include/freetype2   -DUSE_XPM  conftest.c >&5
configure:4439: $? = 0
configure:4442: test -z 			 || test ! -s conftest.err
configure:4445: $? = 0
configure:4448: test -s conftest.o
configure:4451: $? = 0
configure:4462: result: yes
configure:4417: checking for strings.h
configure:4433: gcc -c  -DUSE_XFT -I/usr/include/freetype2   -DUSE_XPM  conftest.c >&5
configure:4439: $? = 0
configure:4442: test -z 			 || test ! -s conftest.err
configure:4445: $? = 0
configure:4448: test -s conftest.o
configure:4451: $? = 0
configure:4462: result: yes
configure:4417: checking for inttypes.h
configure:4433: gcc -c  -DUSE_XFT -I/usr/include/freetype2   -DUSE_XPM  conftest.c >&5
configure:4439: $? = 0
configure:4442: test -z 			 || test ! -s conftest.err
configure:4445: $? = 0
configure:4448: test -s conftest.o
configure:4451: $? = 0
configure:4462: result: yes
configure:4417: checking for stdint.h
configure:4433: gcc -c  -DUSE_XFT -I/usr/include/freetype2   -DUSE_XPM  conftest.c >&5
configure:4439: $? = 0
configure:4442: test -z 			 || test ! -s conftest.err
configure:4445: $? = 0
configure:4448: test -s conftest.o
configure:4451: $? = 0
configure:4462: result: yes
configure:4417: checking for unistd.h
configure:4433: gcc -c  -DUSE_XFT -I/usr/include/freetype2   -DUSE_XPM  conftest.c >&5
configure:4439: $? = 0
configure:4442: test -z 			 || test ! -s conftest.err
configure:4445: $? = 0
configure:4448: test -s conftest.o
configure:4451: $? = 0
configure:4462: result: yes
configure:4488: checking dlfcn.h usability
configure:4500: gcc -c  -DUSE_XFT -I/usr/include/freetype2   -DUSE_XPM  conftest.c >&5
configure:4506: $? = 0
configure:4509: test -z 			 || test ! -s conftest.err
configure:4512: $? = 0
configure:4515: test -s conftest.o
configure:4518: $? = 0
configure:4528: result: yes
configure:4532: checking dlfcn.h presence
configure:4542: gcc -E  conftest.c
configure:4548: $? = 0
configure:4568: result: yes
configure:4603: checking for dlfcn.h
configure:4610: result: yes
configure:4675: checking for g++
configure:4691: found /usr/bin/g++
configure:4701: result: g++
configure:4717: checking for C++ compiler version
configure:4720: g++ --version </dev/null >&5
g++ (Ubuntu/Linaro 4.4.4-14ubuntu5) 4.4.5
Copyright (C) 2010 Free Software Foundation, Inc.
This is free software; see the source for copying conditions.  There is NO
warranty; not even for MERCHANTABILITY or FITNESS FOR A PARTICULAR PURPOSE.

configure:4723: $? = 0
configure:4725: g++ -v </dev/null >&5
Using built-in specs.
Target: i686-linux-gnu
Configured with: ../src/configure -v --with-pkgversion='Ubuntu/Linaro 4.4.4-14ubuntu5' --with-bugurl=file:///usr/share/doc/gcc-4.4/README.Bugs --enable-languages=c,c++,fortran,objc,obj-c++ --prefix=/usr --program-suffix=-4.4 --enable-shared --enable-multiarch --enable-linker-build-id --with-system-zlib --libexecdir=/usr/lib --without-included-gettext --enable-threads=posix --with-gxx-include-dir=/usr/include/c++/4.4 --libdir=/usr/lib --enable-nls --with-sysroot=/ --enable-clocale=gnu --enable-libstdcxx-debug --enable-objc-gc --enable-targets=all --disable-werror --with-arch-32=i686 --with-tune=generic --enable-checking=release --build=i686-linux-gnu --host=i686-linux-gnu --target=i686-linux-gnu
Thread model: posix
gcc version 4.4.5 (Ubuntu/Linaro 4.4.4-14ubuntu5) 
configure:4728: $? = 0
configure:4730: g++ -V </dev/null >&5
g++: '-V' option must have argument
configure:4733: $? = 1
configure:4736: checking whether we are using the GNU C++ compiler
configure:4760: g++ -c   conftest.cc >&5
configure:4766: $? = 0
configure:4769: test -z 			 || test ! -s conftest.err
configure:4772: $? = 0
configure:4775: test -s conftest.o
configure:4778: $? = 0
configure:4791: result: yes
configure:4797: checking whether g++ accepts -g
configure:4818: g++ -c -g  conftest.cc >&5
configure:4824: $? = 0
configure:4827: test -z 			 || test ! -s conftest.err
configure:4830: $? = 0
configure:4833: test -s conftest.o
configure:4836: $? = 0
configure:4847: result: yes
configure:4889: g++ -c -g -O2  conftest.cc >&5
configure:4895: $? = 0
configure:4898: test -z 			 || test ! -s conftest.err
configure:4901: $? = 0
configure:4904: test -s conftest.o
configure:4907: $? = 0
configure:4933: g++ -c -g -O2  conftest.cc >&5
conftest.cc: In function 'int main()':
conftest.cc:26: error: 'exit' was not declared in this scope
configure:4939: $? = 1
configure: failed program was:
| /* confdefs.h.  */
| 
| #define PACKAGE_NAME ""
| #define PACKAGE_TARNAME ""
| #define PACKAGE_VERSION ""
| #define PACKAGE_STRING ""
| #define PACKAGE_BUGREPORT ""
| #define PACKAGE "xkbd"
| #define VERSION "0.8.15"
| #define STDC_HEADERS 1
| #define HAVE_SYS_TYPES_H 1
| #define HAVE_SYS_STAT_H 1
| #define HAVE_STDLIB_H 1
| #define HAVE_STRING_H 1
| #define HAVE_MEMORY_H 1
| #define HAVE_STRINGS_H 1
| #define HAVE_INTTYPES_H 1
| #define HAVE_STDINT_H 1
| #define HAVE_UNISTD_H 1
| #define HAVE_DLFCN_H 1
| /* end confdefs.h.  */
| 
| int
| main ()
| {
| exit (42);
|   ;
|   return 0;
| }
configure:4889: g++ -c -g -O2  conftest.cc >&5
conftest.cc:22: error: 'void std::exit(int)' should have been declared inside 'std'
configure:4895: $? = 1
configure: failed program was:
| /* confdefs.h.  */
| 
| #define PACKAGE_NAME ""
| #define PACKAGE_TARNAME ""
| #define PACKAGE_VERSION ""
| #define PACKAGE_STRING ""
| #define PACKAGE_BUGREPORT ""
| #define PACKAGE "xkbd"
| #define VERSION "0.8.15"
| #define STDC_HEADERS 1
| #define HAVE_SYS_TYPES_H 1
| #define HAVE_SYS_STAT_H 1
| #define HAVE_STDLIB_H 1
| #define HAVE_STRING_H 1
| #define HAVE_MEMORY_H 1
| #define HAVE_STRINGS_H 1
| #define HAVE_INTTYPES_H 1
| #define HAVE_STDINT_H 1
| #define HAVE_UNISTD_H 1
| #define HAVE_DLFCN_H 1
| /* end confdefs.h.  */
| extern "C" void std::exit (int) throw (); using std::exit;
| #include <stdlib.h>
| int
| main ()
| {
| exit (42);
|   ;
|   return 0;
| }
configure:4889: g++ -c -g -O2  conftest.cc >&5
conftest.cc:22: error: 'void std::exit(int)' should have been declared inside 'std'
In file included from conftest.cc:23:
/usr/include/stdlib.h:544: error: declaration of 'void std::exit(int) throw ()' throws different exceptions
conftest.cc:22: error: from previous declaration 'void std::exit(int)'
configure:4895: $? = 1
configure: failed program was:
| /* confdefs.h.  */
| 
| #define PACKAGE_NAME ""
| #define PACKAGE_TARNAME ""
| #define PACKAGE_VERSION ""
| #define PACKAGE_STRING ""
| #define PACKAGE_BUGREPORT ""
| #define PACKAGE "xkbd"
| #define VERSION "0.8.15"
| #define STDC_HEADERS 1
| #define HAVE_SYS_TYPES_H 1
| #define HAVE_SYS_STAT_H 1
| #define HAVE_STDLIB_H 1
| #define HAVE_STRING_H 1
| #define HAVE_MEMORY_H 1
| #define HAVE_STRINGS_H 1
| #define HAVE_INTTYPES_H 1
| #define HAVE_STDINT_H 1
| #define HAVE_UNISTD_H 1
| #define HAVE_DLFCN_H 1
| /* end confdefs.h.  */
| extern "C" void std::exit (int); using std::exit;
| #include <stdlib.h>
| int
| main ()
| {
| exit (42);
|   ;
|   return 0;
| }
configure:4889: g++ -c -g -O2  conftest.cc >&5
configure:4895: $? = 0
configure:4898: test -z 			 || test ! -s conftest.err
configure:4901: $? = 0
configure:4904: test -s conftest.o
configure:4907: $? = 0
configure:4933: g++ -c -g -O2  conftest.cc >&5
configure:4939: $? = 0
configure:4942: test -z 			 || test ! -s conftest.err
configure:4945: $? = 0
configure:4948: test -s conftest.o
configure:4951: $? = 0
configure:4976: checking dependency style of g++
configure:5066: result: gcc3
configure:5088: checking how to run the C++ preprocessor
configure:5119: g++ -E  conftest.cc
configure:5125: $? = 0
configure:5157: g++ -E  conftest.cc
conftest.cc:25: fatal error: ac_nonexistent.h: No such file or directory
compilation terminated.
configure:5163: $? = 1
configure: failed program was:
| /* confdefs.h.  */
| 
| #define PACKAGE_NAME ""
| #define PACKAGE_TARNAME ""
| #define PACKAGE_VERSION ""
| #define PACKAGE_STRING ""
| #define PACKAGE_BUGREPORT ""
| #define PACKAGE "xkbd"
| #define VERSION "0.8.15"
| #define STDC_HEADERS 1
| #define HAVE_SYS_TYPES_H 1
| #define HAVE_SYS_STAT_H 1
| #define HAVE_STDLIB_H 1
| #define HAVE_STRING_H 1
| #define HAVE_MEMORY_H 1
| #define HAVE_STRINGS_H 1
| #define HAVE_INTTYPES_H 1
| #define HAVE_STDINT_H 1
| #define HAVE_UNISTD_H 1
| #define HAVE_DLFCN_H 1
| #ifdef __cplusplus
| extern "C" void exit (int) throw ();
| #endif
| /* end confdefs.h.  */
| #include <ac_nonexistent.h>
configure:5202: result: g++ -E
configure:5226: g++ -E  conftest.cc
configure:5232: $? = 0
configure:5264: g++ -E  conftest.cc
conftest.cc:25: fatal error: ac_nonexistent.h: No such file or directory
compilation terminated.
configure:5270: $? = 1
configure: failed program was:
| /* confdefs.h.  */
| 
| #define PACKAGE_NAME ""
| #define PACKAGE_TARNAME ""
| #define PACKAGE_VERSION ""
| #define PACKAGE_STRING ""
| #define PACKAGE_BUGREPORT ""
| #define PACKAGE "xkbd"
| #define VERSION "0.8.15"
| #define STDC_HEADERS 1
| #define HAVE_SYS_TYPES_H 1
| #define HAVE_SYS_STAT_H 1
| #define HAVE_STDLIB_H 1
| #define HAVE_STRING_H 1
| #define HAVE_MEMORY_H 1
| #define HAVE_STRINGS_H 1
| #define HAVE_INTTYPES_H 1
| #define HAVE_STDINT_H 1
| #define HAVE_UNISTD_H 1
| #define HAVE_DLFCN_H 1
| #ifdef __cplusplus
| extern "C" void exit (int) throw ();
| #endif
| /* end confdefs.h.  */
| #include <ac_nonexistent.h>
configure:5365: checking for g77
configure:5394: result: no
configure:5365: checking for f77
configure:5394: result: no
configure:5365: checking for xlf
configure:5394: result: no
configure:5365: checking for frt
configure:5394: result: no
configure:5365: checking for pgf77
configure:5394: result: no
configure:5365: checking for fort77
configure:5394: result: no
configure:5365: checking for fl32
configure:5394: result: no
configure:5365: checking for af77
configure:5394: result: no
configure:5365: checking for f90
configure:5394: result: no
configure:5365: checking for xlf90
configure:5394: result: no
configure:5365: checking for pgf90
configure:5394: result: no
configure:5365: checking for epcf90
configure:5394: result: no
configure:5365: checking for f95
configure:5394: result: no
configure:5365: checking for fort
configure:5394: result: no
configure:5365: checking for xlf95
configure:5394: result: no
configure:5365: checking for ifc
configure:5394: result: no
configure:5365: checking for efc
configure:5394: result: no
configure:5365: checking for pgf95
configure:5394: result: no
configure:5365: checking for lf95
configure:5394: result: no
configure:5365: checking for gfortran
configure:5394: result: no
configure:5406: checking for Fortran 77 compiler version
configure:5409:  --version </dev/null >&5
./configure: line 5410: --version: command not found
configure:5412: $? = 127
configure:5414:  -v </dev/null >&5
./configure: line 5415: -v: command not found
configure:5417: $? = 127
configure:5419:  -V </dev/null >&5
./configure: line 5420: -V: command not found
configure:5422: $? = 127
configure:5430: checking whether we are using the GNU Fortran 77 compiler
configure:5444:  -c  conftest.F >&5
./configure: line 5445: -c: command not found
configure:5450: $? = 127
configure: failed program was:
|       program main
| #ifndef __GNUC__
|        choke me
| #endif
| 
|       end
configure:5475: result: no
configure:5481: checking whether  accepts -g
configure:5493:  -c -g conftest.f >&5
./configure: line 5494: -c: command not found
configure:5499: $? = 127
configure: failed program was:
|       program main
| 
|       end
configure:5523: result: no
configure:5553: checking the maximum length of command line arguments
configure:5618: result: 32768
configure:5629: checking command to parse /usr/bin/nm -B output from gcc object
configure:5718: gcc -c  -DUSE_XFT -I/usr/include/freetype2   -DUSE_XPM  conftest.c >&5
configure:5721: $? = 0
configure:5725: /usr/bin/nm -B conftest.o \| sed -n -e 's/^.*[ 	]\([ABCDGIRSTW][ABCDGIRSTW]*\)[ 	][ 	]*\(\)\([_A-Za-z][_A-Za-z0-9]*\)$/\1 \2\3 \3/p' \> conftest.nm
configure:5728: $? = 0
configure:5780: gcc -o conftest  -DUSE_XFT -I/usr/include/freetype2   -DUSE_XPM   conftest.c conftstm.o >&5
configure:5783: $? = 0
configure:5821: result: ok
configure:5825: checking for objdir
configure:5840: result: .libs
configure:5930: checking for ar
configure:5946: found /usr/bin/ar
configure:5957: result: ar
configure:6010: checking for ranlib
configure:6026: found /usr/bin/ranlib
configure:6037: result: ranlib
configure:6090: checking for strip
configure:6106: found /usr/bin/strip
configure:6117: result: strip
configure:6379: checking if gcc static flag  works
configure:6402: result: yes
configure:6420: checking if gcc supports -fno-rtti -fno-exceptions
configure:6438: gcc -c  -DUSE_XFT -I/usr/include/freetype2   -DUSE_XPM  -fno-rtti -fno-exceptions conftest.c >&5
cc1: warning: command line option "-fno-rtti" is valid for C++/ObjC++ but not for C
configure:6442: $? = 0
configure:6453: result: no
configure:6468: checking for gcc option to produce PIC
configure:6645: result: -fPIC
configure:6653: checking if gcc PIC flag -fPIC works
configure:6671: gcc -c  -DUSE_XFT -I/usr/include/freetype2   -DUSE_XPM  -fPIC -DPIC conftest.c >&5
configure:6675: $? = 0
configure:6686: result: yes
configure:6710: checking if gcc supports -c -o file.o
configure:6731: gcc -c  -DUSE_XFT -I/usr/include/freetype2   -DUSE_XPM  -o out/conftest2.o conftest.c >&5
configure:6735: $? = 0
configure:6755: result: yes
configure:6781: checking whether the gcc linker (/usr/bin/ld) supports shared libraries
configure:7628: result: yes
configure:7654: checking whether -lc should be explicitly linked in
configure:7659: gcc -c  -DUSE_XFT -I/usr/include/freetype2   -DUSE_XPM  conftest.c >&5
configure:7662: $? = 0
configure:7676: gcc -shared conftest.o  -v -Wl,-soname -Wl,conftest -o conftest 2\>\&1 \| grep  -lc  \>/dev/null 2\>\&1
configure:7679: $? = 0
configure:7691: result: no
configure:7699: checking dynamic linker characteristics
configure:8251: result: GNU/Linux ld.so
configure:8255: checking how to hardcode library paths into programs
configure:8280: result: immediate
configure:8294: checking whether stripping libraries is possible
configure:8299: result: yes
configure:9122: checking if libtool supports shared libraries
configure:9124: result: yes
configure:9127: checking whether to build shared libraries
configure:9185: result: yes
configure:9188: checking whether to build static libraries
configure:9192: result: yes
configure:9284: creating libtool
configure:9831: checking for ld used by g++
configure:9898: result: /usr/bin/ld
configure:9907: checking if the linker (/usr/bin/ld) is GNU ld
configure:9922: result: yes
configure:9973: checking whether the g++ linker (/usr/bin/ld) supports shared libraries
configure:10799: result: yes
configure:10817: g++ -c -g -O2  conftest.cc >&5
configure:10820: $? = 0
configure:10916: checking for g++ option to produce PIC
configure:11168: result: -fPIC
configure:11176: checking if g++ PIC flag -fPIC works
configure:11194: g++ -c -g -O2  -fPIC -DPIC conftest.cc >&5
configure:11198: $? = 0
configure:11209: result: yes
configure:11233: checking if g++ supports -c -o file.o
configure:11254: g++ -c -g -O2  -o out/conftest2.o conftest.cc >&5
configure:11258: $? = 0
configure:11278: result: yes
configure:11304: checking whether the g++ linker (/usr/bin/ld) supports shared libraries
configure:11332: result: yes
configure:11403: checking dynamic linker characteristics
configure:11955: result: GNU/Linux ld.so
configure:11959: checking how to hardcode library paths into programs
configure:11984: result: immediate
configure:11998: checking whether stripping libraries is possible
configure:12003: result: yes
configure:19250: checking for X
configure:19356: gcc -E  conftest.c
configure:19362: $? = 0
configure:19412: gcc -o conftest  -DUSE_XFT -I/usr/include/freetype2   -DUSE_XPM   conftest.c -lX11  >&5
configure:19418: $? = 0
configure:19421: test -z 			 || test ! -s conftest.err
configure:19424: $? = 0
configure:19427: test -s conftest
configure:19430: $? = 0
configure:19484: result: libraries , headers in standard search path
configure:19895: gcc -o conftest  -DUSE_XFT -I/usr/include/freetype2   -DUSE_XPM   conftest.c   -lX11 >&5
configure:19901: $? = 0
configure:19904: test -z 			 || test ! -s conftest.err
configure:19907: $? = 0
configure:19910: test -s conftest
configure:19913: $? = 0
configure:20069: checking for gethostbyname
configure:20126: gcc -o conftest  -DUSE_XFT -I/usr/include/freetype2   -DUSE_XPM   conftest.c  >&5
configure:20132: $? = 0
configure:20135: test -z 			 || test ! -s conftest.err
configure:20138: $? = 0
configure:20141: test -s conftest
configure:20144: $? = 0
configure:20156: result: yes
configure:20305: checking for connect
configure:20362: gcc -o conftest  -DUSE_XFT -I/usr/include/freetype2   -DUSE_XPM   conftest.c  >&5
configure:20368: $? = 0
configure:20371: test -z 			 || test ! -s conftest.err
configure:20374: $? = 0
configure:20377: test -s conftest
configure:20380: $? = 0
configure:20392: result: yes
configure:20466: checking for remove
configure:20523: gcc -o conftest  -DUSE_XFT -I/usr/include/freetype2   -DUSE_XPM   conftest.c  >&5
configure:20529: $? = 0
configure:20532: test -z 			 || test ! -s conftest.err
configure:20535: $? = 0
configure:20538: test -s conftest
configure:20541: $? = 0
configure:20553: result: yes
configure:20627: checking for shmat
configure:20684: gcc -o conftest  -DUSE_XFT -I/usr/include/freetype2   -DUSE_XPM   conftest.c  >&5
configure:20690: $? = 0
configure:20693: test -z 			 || test ! -s conftest.err
configure:20696: $? = 0
configure:20699: test -s conftest
configure:20702: $? = 0
configure:20714: result: yes
configure:20797: checking for IceConnectionNumber in -lICE
configure:20827: gcc -o conftest  -DUSE_XFT -I/usr/include/freetype2   -DUSE_XPM   conftest.c -lICE   >&5
/usr/bin/ld: cannot find -lICE
collect2: ld returned 1 exit status
configure:20833: $? = 1
configure: failed program was:
| /* confdefs.h.  */
| 
| #define PACKAGE_NAME ""
| #define PACKAGE_TARNAME ""
| #define PACKAGE_VERSION ""
| #define PACKAGE_STRING ""
| #define PACKAGE_BUGREPORT ""
| #define PACKAGE "xkbd"
| #define VERSION "0.8.15"
| #define STDC_HEADERS 1
| #define HAVE_SYS_TYPES_H 1
| #define HAVE_SYS_STAT_H 1
| #define HAVE_STDLIB_H 1
| #define HAVE_STRING_H 1
| #define HAVE_MEMORY_H 1
| #define HAVE_STRINGS_H 1
| #define HAVE_INTTYPES_H 1
| #define HAVE_STDINT_H 1
| #define HAVE_UNISTD_H 1
| #define HAVE_DLFCN_H 1
| #ifdef __cplusplus
| extern "C" void exit (int) throw ();
| #endif
| /* end confdefs.h.  */
| 
| /* Override any gcc2 internal prototype to avoid an error.  */
| #ifdef __cplusplus
| extern "C"
| #endif
| /* We use char because int might match the return type of a gcc2
|    builtin and then its argument prototype would still apply.  */
| char IceConnectionNumber ();
| int
| main ()
| {
| IceConnectionNumber ();
|   ;
|   return 0;
| }
configure:20858: result: no
configure:20868: checking for ANSI C header files
configure:21023: result: yes
configure:21041: checking for stdlib.h
configure:21046: result: yes
configure:21041: checking for string.h
configure:21046: result: yes
configure:21050: checking sys/param.h usability
configure:21062: gcc -c  -DUSE_XFT -I/usr/include/freetype2   -DUSE_XPM  conftest.c >&5
configure:21068: $? = 0
configure:21071: test -z 			 || test ! -s conftest.err
configure:21074: $? = 0
configure:21077: test -s conftest.o
configure:21080: $? = 0
configure:21090: result: yes
configure:21094: checking sys/param.h presence
configure:21104: gcc -E  conftest.c
configure:21110: $? = 0
configure:21130: result: yes
configure:21165: checking for sys/param.h
configure:21172: result: yes
configure:21041: checking for unistd.h
configure:21046: result: yes
configure:21187: checking for an ANSI C-conforming const
configure:21254: gcc -c  -DUSE_XFT -I/usr/include/freetype2   -DUSE_XPM  conftest.c >&5
configure:21260: $? = 0
configure:21263: test -z 			 || test ! -s conftest.err
configure:21266: $? = 0
configure:21269: test -s conftest.o
configure:21272: $? = 0
configure:21283: result: yes
configure:21300: checking for stdlib.h
configure:21305: result: yes
configure:21444: checking for GNU libc compatible malloc
configure:21473: gcc -o conftest  -DUSE_XFT -I/usr/include/freetype2   -DUSE_XPM   conftest.c  >&5
configure:21476: $? = 0
configure:21478: ./conftest
configure:21481: $? = 0
configure:21495: result: yes
configure:21525: checking return type of signal handlers
configure:21556: gcc -c  -DUSE_XFT -I/usr/include/freetype2   -DUSE_XPM  conftest.c >&5
configure:21562: $? = 0
configure:21565: test -z 			 || test ! -s conftest.err
configure:21568: $? = 0
configure:21571: test -s conftest.o
configure:21574: $? = 0
configure:21585: result: void
configure:21598: checking for strchr
configure:21655: gcc -o conftest  -DUSE_XFT -I/usr/include/freetype2   -DUSE_XPM   conftest.c  >&5
conftest.c:57: warning: conflicting types for built-in function 'strchr'
configure:21661: $? = 0
configure:21664: test -z 			 || test ! -s conftest.err
configure:21667: $? = 0
configure:21670: test -s conftest
configure:21673: $? = 0
configure:21685: result: yes
configure:21598: checking for strdup
configure:21655: gcc -o conftest  -DUSE_XFT -I/usr/include/freetype2   -DUSE_XPM   conftest.c  >&5
conftest.c:58: warning: conflicting types for built-in function 'strdup'
configure:21661: $? = 0
configure:21664: test -z 			 || test ! -s conftest.err
configure:21667: $? = 0
configure:21670: test -s conftest
configure:21673: $? = 0
configure:21685: result: yes
configure:21816: creating ./config.status

## ---------------------- ##
## Running config.status. ##
## ---------------------- ##

This file was extended by config.status, which was
generated by GNU Autoconf 2.59.  Invocation command line was

  CONFIG_FILES    = 
  CONFIG_HEADERS  = 
  CONFIG_LINKS    = 
  CONFIG_COMMANDS = 
  $ ./config.status 

on hellboys-MacBookAir

config.status:766: creating Makefile
config.status:766: creating src/Makefile
config.status:766: creating data/Makefile
config.status:766: creating doc/Makefile
config.status:766: creating data/img/Makefile
config.status:766: creating packaging/Makefile
config.status:766: creating packaging/ipkg/Makefile
config.status:766: creating packaging/ipkg/control
config.status:832: creating config.h
config.status:960: config.h is unchanged
config.status:1140: executing depfiles commands

## ---------------- ##
## Cache variables. ##
## ---------------- ##

ac_cv_build=i686-pc-linux-gnu
ac_cv_build_alias=i686-pc-linux-gnu
ac_cv_c_compiler_gnu=yes
ac_cv_c_const=yes
ac_cv_cxx_compiler_gnu=yes
ac_cv_env_CC_set=
ac_cv_env_CC_value=
ac_cv_env_CFLAGS_set=
ac_cv_env_CFLAGS_value=
ac_cv_env_CPPFLAGS_set=
ac_cv_env_CPPFLAGS_value=
ac_cv_env_CPP_set=
ac_cv_env_CPP_value=
ac_cv_env_CXXCPP_set=
ac_cv_env_CXXCPP_value=
ac_cv_env_CXXFLAGS_set=
ac_cv_env_CXXFLAGS_value=
ac_cv_env_CXX_set=
ac_cv_env_CXX_value=
ac_cv_env_F77_set=
ac_cv_env_F77_value=
ac_cv_env_FFLAGS_set=
ac_cv_env_FFLAGS_value=
ac_cv_env_LDFLAGS_set=
ac_cv_env_LDFLAGS_value=
ac_cv_env_build_alias_set=
ac_cv_env_build_alias_value=
ac_cv_env_host_alias_set=
ac_cv_env_host_alias_value=
ac_cv_env_target_alias_set=
ac_cv_env_target_alias_value=
ac_cv_exeext=
ac_cv_f77_compiler_gnu=no
ac_cv_func_connect=yes
ac_cv_func_gethostbyname=yes
ac_cv_func_malloc_0_nonnull=yes
ac_cv_func_remove=yes
ac_cv_func_shmat=yes
ac_cv_func_strchr=yes
ac_cv_func_strdup=yes
ac_cv_have_x='have_x=yes 		ac_x_includes= ac_x_libraries='
ac_cv_header_dlfcn_h=yes
ac_cv_header_inttypes_h=yes
ac_cv_header_memory_h=yes
ac_cv_header_stdc=yes
ac_cv_header_stdint_h=yes
ac_cv_header_stdlib_h=yes
ac_cv_header_string_h=yes
ac_cv_header_strings_h=yes
ac_cv_header_sys_param_h=yes
ac_cv_header_sys_stat_h=yes
ac_cv_header_sys_types_h=yes
ac_cv_header_unistd_h=yes
ac_cv_host=i686-pc-linux-gnu
ac_cv_host_alias=i686-pc-linux-gnu
ac_cv_lib_ICE_IceConnectionNumber=no
ac_cv_objext=o
ac_cv_path_PKG_CONFIG=/usr/bin/pkg-config
ac_cv_path_install='/usr/bin/install -c'
ac_cv_prog_AWK=mawk
ac_cv_prog_CPP='gcc -E'
ac_cv_prog_CXXCPP='g++ -E'
ac_cv_prog_ac_ct_AR=ar
ac_cv_prog_ac_ct_CC=gcc
ac_cv_prog_ac_ct_CXX=g++
ac_cv_prog_ac_ct_RANLIB=ranlib
ac_cv_prog_ac_ct_STRIP=strip
ac_cv_prog_cc_g=yes
ac_cv_prog_cc_stdc=
ac_cv_prog_cxx_g=yes
ac_cv_prog_egrep='grep -E'
ac_cv_prog_f77_g=no
ac_cv_prog_make_make_set=yes
ac_cv_type_signal=void
am_cv_CC_dependencies_compiler_type=gcc3
am_cv_CXX_dependencies_compiler_type=gcc3
lt_cv_deplibs_check_method=pass_all
lt_cv_file_magic_cmd='$MAGIC_CMD'
lt_cv_file_magic_test_file=
lt_cv_ld_reload_flag=-r
lt_cv_objdir=.libs
lt_cv_path_LD=/usr/bin/ld
lt_cv_path_LDCXX=/usr/bin/ld
lt_cv_path_NM='/usr/bin/nm -B'
lt_cv_path_SED=/bin/sed
lt_cv_prog_compiler_c_o=yes
lt_cv_prog_compiler_c_o_CXX=yes
lt_cv_prog_compiler_rtti_exceptions=no
lt_cv_prog_gnu_ld=yes
lt_cv_prog_gnu_ldcxx=yes
lt_cv_sys_global_symbol_pipe='sed -n -e '\''s/^.*[ 	]\([ABCDGIRSTW][ABCDGIRSTW]*\)[ 	][ 	]*\(\)\([_A-Za-z][_A-Za-z0-9]*\)$/\1 \2\3 \3/p'\'''
lt_cv_sys_global_symbol_to_c_name_address='sed -n -e '\''s/^: \([^ ]*\) $/  {\"\1\", (lt_ptr) 0},/p'\'' -e '\''s/^[BCDEGRST] \([^ ]*\) \([^ ]*\)$/  {"\2", (lt_ptr) \&\2},/p'\'''
lt_cv_sys_global_symbol_to_cdecl='sed -n -e '\''s/^. .* \(.*\)$/extern int \1;/p'\'''
lt_cv_sys_max_cmd_len=32768
lt_lt_cv_prog_compiler_c_o='"yes"'
lt_lt_cv_prog_compiler_c_o_CXX='"yes"'
lt_lt_cv_sys_global_symbol_pipe='"sed -n -e '\''s/^.*[ 	]\\([ABCDGIRSTW][ABCDGIRSTW]*\\)[ 	][ 	]*\\(\\)\\([_A-Za-z][_A-Za-z0-9]*\\)\$/\\1 \\2\\3 \\3/p'\''"'
lt_lt_cv_sys_global_symbol_to_c_name_address='"sed -n -e '\''s/^: \\([^ ]*\\) \$/  {\\\"\\1\\\", (lt_ptr) 0},/p'\'' -e '\''s/^[BCDEGRST] \\([^ ]*\\) \\([^ ]*\\)\$/  {\"\\2\", (lt_ptr) \\&\\2},/p'\''"'
lt_lt_cv_sys_global_symbol_to_cdecl='"sed -n -e '\''s/^. .* \\(.*\\)\$/extern int \\1;/p'\''"'

## ----------------- ##
## Output variables. ##
## ----------------- ##

ACLOCAL='${SHELL} /home/hellboy/Projets/HIDSlave/xkbdbthid-0.1/xkbd-0.8.15_bthid/missing --run aclocal-1.8'
AMDEPBACKSLASH='\'
AMDEP_FALSE='#'
AMDEP_TRUE=''
AMTAR='${SHELL} /home/hellboy/Projets/HIDSlave/xkbdbthid-0.1/xkbd-0.8.15_bthid/missing --run tar'
AR='ar'
AUTOCONF='${SHELL} /home/hellboy/Projets/HIDSlave/xkbdbthid-0.1/xkbd-0.8.15_bthid/missing --run autoconf'
AUTOHEADER='${SHELL} /home/hellboy/Projets/HIDSlave/xkbdbthid-0.1/xkbd-0.8.15_bthid/missing --run autoheader'
AUTOMAKE='${SHELL} /home/hellboy/Projets/HIDSlave/xkbdbthid-0.1/xkbd-0.8.15_bthid/missing --run automake-1.8'
AWK='mawk'
CC='gcc'
CCDEPMODE='depmode=gcc3'
CFLAGS=' -DUSE_XFT -I/usr/include/freetype2   -DUSE_XPM'
CPP='gcc -E'
CPPFLAGS=''
CXX='g++'
CXXCPP='g++ -E'
CXXDEPMODE='depmode=gcc3'
CXXFLAGS='-g -O2'
CYGPATH_W='echo'
DEFS='-DHAVE_CONFIG_H'
DEPDIR='.deps'
ECHO='echo'
ECHO_C=''
ECHO_N='-n'
ECHO_T=''
EGREP='grep -E'
EXEEXT=''
F77=''
FFLAGS=''
INSTALL_DATA='${INSTALL} -m 644'
INSTALL_PROGRAM='${INSTALL}'
INSTALL_SCRIPT='${INSTALL}'
INSTALL_STRIP_PROGRAM='${SHELL} $(install_sh) -c -s'
LDFLAGS=''
LIBOBJS=''
LIBS=''
LIBTOOL='$(SHELL) $(top_builddir)/libtool'
LN_S='ln -s'
LTLIBOBJS=''
MAKEINFO='${SHELL} /home/hellboy/Projets/HIDSlave/xkbdbthid-0.1/xkbd-0.8.15_bthid/missing --run makeinfo'
OBJEXT='o'
PACKAGE='xkbd'
PACKAGE_BUGREPORT=''
PACKAGE_NAME=''
PACKAGE_STRING=''
PACKAGE_TARNAME=''
PACKAGE_VERSION=''
PATH_SEPARATOR=':'
PKG_CONFIG='/usr/bin/pkg-config'
RANLIB='ranlib'
SET_MAKE=''
SHELL='/bin/bash'
STRIP='strip'
VERSION='0.8.15'
XFT_CONFIG=''
XFT_LIBS='-lXft  '
XPM_LIBS=' -lXpm'
X_CFLAGS=''
X_EXTRA_LIBS=''
X_LIBS=''
X_PRE_LIBS=''
ac_ct_AR='ar'
ac_ct_CC='gcc'
ac_ct_CXX='g++'
ac_ct_F77=''
ac_ct_RANLIB='ranlib'
ac_ct_STRIP='strip'
am__fastdepCC_FALSE='#'
am__fastdepCC_TRUE=''
am__fastdepCXX_FALSE='#'
am__fastdepCXX_TRUE=''
am__include='include'
am__leading_dot='.'
am__quote=''
bindir='${exec_prefix}/bin'
build='i686-pc-linux-gnu'
build_alias=''
build_cpu='i686'
build_os='linux-gnu'
build_vendor='pc'
datadir='${prefix}/share'
exec_prefix='${prefix}'
host='i686-pc-linux-gnu'
host_alias=''
host_cpu='i686'
host_os='linux-gnu'
host_vendor='pc'
includedir='${prefix}/include'
infodir='${prefix}/info'
install_sh='/home/hellboy/Projets/HIDSlave/xkbdbthid-0.1/xkbd-0.8.15_bthid/install-sh'
libdir='${exec_prefix}/lib'
libexecdir='${exec_prefix}/libexec'
localstatedir='${prefix}/var'
mandir='${prefix}/man'
mkdir_p='mkdir -p -- .'
oldincludedir='/usr/include'
prefix='/usr/local'
program_transform_name='s,x,x,'
sbindir='${exec_prefix}/sbin'
sharedstatedir='${prefix}/com'
sysconfdir='${prefix}/etc'
target_alias=''

## ----------- ##
## confdefs.h. ##
## ----------- ##

#define HAVE_DLFCN_H 1
#define HAVE_INTTYPES_H 1
#define HAVE_MALLOC 1
#define HAVE_MEMORY_H 1
#define HAVE_STDINT_H 1
#define HAVE_STDLIB_H 1
#define HAVE_STDLIB_H 1
#define HAVE_STDLIB_H 1
#define HAVE_STRCHR 1
#define HAVE_STRDUP 1
#define HAVE_STRINGS_H 1
#define HAVE_STRING_H 1
#define HAVE_STRING_H 1
#define HAVE_SYS_PARAM_H 1
#define HAVE_SYS_STAT_H 1
#define HAVE_SYS_TYPES_H 1
#define HAVE_UNISTD_H 1
#define HAVE_UNISTD_H 1
#define PACKAGE "xkbd"
#define PACKAGE_BUGREPORT ""
#define PACKAGE_NAME ""
#define PACKAGE_STRING ""
#define PACKAGE_TARNAME ""
#define PACKAGE_VERSION ""
#define RETSIGTYPE void
#define STDC_HEADERS 1
#define STDC_HEADERS 1
#define VERSION "0.8.15"
#endif
#ifdef __cplusplus
extern "C" void exit (int) throw ();

configure: exit 0
